<?xml version='1.0' encoding='UTF-8'?>
<testsuite hostname="codespaces-fde192" name="dinocpu.BranchTesterLab3" tests="18" errors="0" failures="0" skipped="0" time="18.136" timestamp="2024-06-01T21:48:51">
                     <properties>
[...]
</properties>
                     <testcase classname="dinocpu.BranchTesterLab3" name="Pipelined CPU should run branch instruction beq-False" time="1.457">
                                                 
                                               </testcase><testcase classname="dinocpu.BranchTesterLab3" name="Pipelined CPU should run branch instruction beq-True" time="1.308">
                                                 
                                               </testcase><testcase classname="dinocpu.BranchTesterLab3" name="Pipelined CPU should run branch instruction bne-False" time="1.057">
                                                 
                                               </testcase><testcase classname="dinocpu.BranchTesterLab3" name="Pipelined CPU should run branch instruction bne-True" time="0.924">
                                                 
                                               </testcase><testcase classname="dinocpu.BranchTesterLab3" name="Pipelined CPU should run branch instruction blt-False" time="1.004">
                                                 
                                               </testcase><testcase classname="dinocpu.BranchTesterLab3" name="Pipelined CPU should run branch instruction blt-False-equal" time="1.056">
                                                 
                                               </testcase><testcase classname="dinocpu.BranchTesterLab3" name="Pipelined CPU should run branch instruction blt-True" time="1.057">
                                                 
                                               </testcase><testcase classname="dinocpu.BranchTesterLab3" name="Pipelined CPU should run branch instruction blt-False-signed" time="0.95">
                                                 
                                               </testcase><testcase classname="dinocpu.BranchTesterLab3" name="Pipelined CPU should run branch instruction blt-True-signed" time="0.906">
                                                 
                                               </testcase><testcase classname="dinocpu.BranchTesterLab3" name="Pipelined CPU should run branch instruction bge-False" time="0.926">
                                                 
                                               </testcase><testcase classname="dinocpu.BranchTesterLab3" name="Pipelined CPU should run branch instruction bge-True" time="1.021">
                                                 
                                               </testcase><testcase classname="dinocpu.BranchTesterLab3" name="Pipelined CPU should run branch instruction bge-False-signed" time="0.965">
                                                 
                                               </testcase><testcase classname="dinocpu.BranchTesterLab3" name="Pipelined CPU should run branch instruction bge-True-signed" time="0.85">
                                                 
                                               </testcase><testcase classname="dinocpu.BranchTesterLab3" name="Pipelined CPU should run branch instruction bge-True-equal" time="0.869">
                                                 
                                               </testcase><testcase classname="dinocpu.BranchTesterLab3" name="Pipelined CPU should run branch instruction bltu-False" time="0.852">
                                                 
                                               </testcase><testcase classname="dinocpu.BranchTesterLab3" name="Pipelined CPU should run branch instruction bltu-True" time="0.936">
                                                 
                                               </testcase><testcase classname="dinocpu.BranchTesterLab3" name="Pipelined CPU should run branch instruction bgeu-False" time="1.06">
                                                 
                                               </testcase><testcase classname="dinocpu.BranchTesterLab3" name="Pipelined CPU should run branch instruction bgeu-True" time="0.938">
                                                 
                                               </testcase>
                     <system-out><![CDATA[]]></system-out>
                     <system-err><![CDATA[]]></system-err>
                   </testsuite>